[00:23:15] [ServerMain/INFO]: Environment: Environment[sessionHost=https://sessionserver.mojang.com, servicesHost=https://api.minecraftservices.com, name=PROD]
[00:23:16] [ServerMain/INFO]: Found new data pack file/bukkit, loading it automatically
[00:23:16] [ServerMain/INFO]: No existing world data, creating new world
[00:23:16] [ServerMain/INFO]: Loaded 7 recipes
[00:23:17] [Server thread/INFO]: Starting minecraft server version 1.20.4
[00:23:17] [Server thread/INFO]: Loading properties
[00:23:17] [Server thread/INFO]: This server is running CraftBukkit version 4066-Spigot-e9ec548-45d6a60 (MC: 1.20.4) (Implementing API version 1.20.4-R0.1-SNAPSHOT)
[00:23:17] [Server thread/INFO]: Debug logging is disabled
[00:23:17] [Server thread/INFO]: Server Ping Player Sample Count: 12
[00:23:17] [Server thread/INFO]: Using 4 threads for Netty based IO
[00:23:17] [Server thread/INFO]: Default game type: SURVIVAL
[00:23:17] [Server thread/INFO]: Generating keypair
[00:23:17] [Server thread/INFO]: Starting Minecraft server on *:25565
[00:23:17] [Server thread/INFO]: Using default channel type
[00:23:17] [Server thread/INFO]: Preparing level "world"
[00:23:17] [Server thread/INFO]: -------- World Settings For [world] --------
[00:23:17] [Server thread/INFO]: View Distance: 10
[00:23:17] [Server thread/INFO]: Item Merge Radius: 2.5
[00:23:17] [Server thread/INFO]: Experience Merge Radius: 3.0
[00:23:17] [Server thread/INFO]: Mob Spawn Range: 6
[00:23:17] [Server thread/INFO]: Entity Tracking Range: Pl 48 / An 48 / Mo 48 / Mi 32 / Di 128 / Other 64
[00:23:17] [Server thread/INFO]: Hopper Transfer: 8 Hopper Check: 1 Hopper Amount: 1 Hopper Can Load Chunks: false
[00:23:17] [Server thread/INFO]: Max TNT Explosions: 100
[00:23:17] [Server thread/INFO]: Tile Max Tick Time: 50ms Entity max Tick Time: 50ms
[00:23:17] [Server thread/INFO]: Simulation Distance: 10
[00:23:17] [Server thread/INFO]: Arrow Despawn Rate: 1200 Trident Respawn Rate:1200
[00:23:17] [Server thread/INFO]: Nerfing mobs spawned from spawners: false
[00:23:17] [Server thread/INFO]: Cactus Growth Modifier: 100%
[00:23:17] [Server thread/INFO]: Cane Growth Modifier: 100%
[00:23:17] [Server thread/INFO]: Melon Growth Modifier: 100%
[00:23:17] [Server thread/INFO]: Mushroom Growth Modifier: 100%
[00:23:18] [Server thread/INFO]: Pumpkin Growth Modifier: 100%
[00:23:18] [Server thread/INFO]: Sapling Growth Modifier: 100%
[00:23:18] [Server thread/INFO]: Beetroot Growth Modifier: 100%
[00:23:18] [Server thread/INFO]: Carrot Growth Modifier: 100%
[00:23:18] [Server thread/INFO]: Potato Growth Modifier: 100%
[00:23:18] [Server thread/INFO]: Wheat Growth Modifier: 100%
[00:23:18] [Server thread/INFO]: NetherWart Growth Modifier: 100%
[00:23:18] [Server thread/INFO]: Vine Growth Modifier: 100%
[00:23:18] [Server thread/INFO]: Cocoa Growth Modifier: 100%
[00:23:18] [Server thread/INFO]: Bamboo Growth Modifier: 100%
[00:23:18] [Server thread/INFO]: SweetBerry Growth Modifier: 100%
[00:23:18] [Server thread/INFO]: Kelp Growth Modifier: 100%
[00:23:18] [Server thread/INFO]: TwistingVines Growth Modifier: 100%
[00:23:18] [Server thread/INFO]: WeepingVines Growth Modifier: 100%
[00:23:18] [Server thread/INFO]: CaveVines Growth Modifier: 100%
[00:23:18] [Server thread/INFO]: Entity Activation Range: An 32 / Mo 32 / Ra 48 / Mi 16 / Tiv true / Isa false
[00:23:18] [Server thread/INFO]: Custom Map Seeds:  Village: 10387312 Desert: 14357617 Igloo: 14357618 Jungle: 14357619 Swamp: 14357620 Monument: 10387313 Ocean: 14357621 Shipwreck: 165745295 End City: 10387313 Slime: 987234911 Nether: 30084232 Mansion: 10387319 Fossil: 14357921 Portal: 34222645
[00:23:18] [Server thread/INFO]: Item Despawn Rate: 6000
[00:23:18] [Server thread/INFO]: Allow Zombie Pigmen to spawn from portal blocks: true
[00:23:18] [Server thread/INFO]: Zombie Aggressive Towards Villager: true
[00:23:21] [Server thread/INFO]: -------- World Settings For [world_nether] --------
[00:23:21] [Server thread/INFO]: View Distance: 10
[00:23:21] [Server thread/INFO]: Item Merge Radius: 2.5
[00:23:21] [Server thread/INFO]: Experience Merge Radius: 3.0
[00:23:21] [Server thread/INFO]: Mob Spawn Range: 6
[00:23:21] [Server thread/INFO]: Entity Tracking Range: Pl 48 / An 48 / Mo 48 / Mi 32 / Di 128 / Other 64
[00:23:21] [Server thread/INFO]: Hopper Transfer: 8 Hopper Check: 1 Hopper Amount: 1 Hopper Can Load Chunks: false
[00:23:21] [Server thread/INFO]: Max TNT Explosions: 100
[00:23:21] [Server thread/INFO]: Tile Max Tick Time: 50ms Entity max Tick Time: 50ms
[00:23:21] [Server thread/INFO]: Simulation Distance: 10
[00:23:21] [Server thread/INFO]: Arrow Despawn Rate: 1200 Trident Respawn Rate:1200
[00:23:21] [Server thread/INFO]: Nerfing mobs spawned from spawners: false
[00:23:21] [Server thread/INFO]: Cactus Growth Modifier: 100%
[00:23:21] [Server thread/INFO]: Cane Growth Modifier: 100%
[00:23:21] [Server thread/INFO]: Melon Growth Modifier: 100%
[00:23:21] [Server thread/INFO]: Mushroom Growth Modifier: 100%
[00:23:21] [Server thread/INFO]: Pumpkin Growth Modifier: 100%
[00:23:21] [Server thread/INFO]: Sapling Growth Modifier: 100%
[00:23:21] [Server thread/INFO]: Beetroot Growth Modifier: 100%
[00:23:21] [Server thread/INFO]: Carrot Growth Modifier: 100%
[00:23:21] [Server thread/INFO]: Potato Growth Modifier: 100%
[00:23:21] [Server thread/INFO]: Wheat Growth Modifier: 100%
[00:23:21] [Server thread/INFO]: NetherWart Growth Modifier: 100%
[00:23:21] [Server thread/INFO]: Vine Growth Modifier: 100%
[00:23:21] [Server thread/INFO]: Cocoa Growth Modifier: 100%
[00:23:21] [Server thread/INFO]: Bamboo Growth Modifier: 100%
[00:23:21] [Server thread/INFO]: SweetBerry Growth Modifier: 100%
[00:23:21] [Server thread/INFO]: Kelp Growth Modifier: 100%
[00:23:21] [Server thread/INFO]: TwistingVines Growth Modifier: 100%
[00:23:21] [Server thread/INFO]: WeepingVines Growth Modifier: 100%
[00:23:21] [Server thread/INFO]: CaveVines Growth Modifier: 100%
[00:23:21] [Server thread/INFO]: Entity Activation Range: An 32 / Mo 32 / Ra 48 / Mi 16 / Tiv true / Isa false
[00:23:21] [Server thread/INFO]: Custom Map Seeds:  Village: 10387312 Desert: 14357617 Igloo: 14357618 Jungle: 14357619 Swamp: 14357620 Monument: 10387313 Ocean: 14357621 Shipwreck: 165745295 End City: 10387313 Slime: 987234911 Nether: 30084232 Mansion: 10387319 Fossil: 14357921 Portal: 34222645
[00:23:21] [Server thread/INFO]: Item Despawn Rate: 6000
[00:23:21] [Server thread/INFO]: Allow Zombie Pigmen to spawn from portal blocks: true
[00:23:21] [Server thread/INFO]: Zombie Aggressive Towards Villager: true
[00:23:21] [Server thread/INFO]: -------- World Settings For [world_the_end] --------
[00:23:21] [Server thread/INFO]: View Distance: 10
[00:23:21] [Server thread/INFO]: Item Merge Radius: 2.5
[00:23:21] [Server thread/INFO]: Experience Merge Radius: 3.0
[00:23:21] [Server thread/INFO]: Mob Spawn Range: 6
[00:23:21] [Server thread/INFO]: Entity Tracking Range: Pl 48 / An 48 / Mo 48 / Mi 32 / Di 128 / Other 64
[00:23:21] [Server thread/INFO]: Hopper Transfer: 8 Hopper Check: 1 Hopper Amount: 1 Hopper Can Load Chunks: false
[00:23:21] [Server thread/INFO]: Max TNT Explosions: 100
[00:23:21] [Server thread/INFO]: Tile Max Tick Time: 50ms Entity max Tick Time: 50ms
[00:23:21] [Server thread/INFO]: Simulation Distance: 10
[00:23:21] [Server thread/INFO]: Arrow Despawn Rate: 1200 Trident Respawn Rate:1200
[00:23:21] [Server thread/INFO]: Nerfing mobs spawned from spawners: false
[00:23:21] [Server thread/INFO]: Cactus Growth Modifier: 100%
[00:23:21] [Server thread/INFO]: Cane Growth Modifier: 100%
[00:23:21] [Server thread/INFO]: Melon Growth Modifier: 100%
[00:23:21] [Server thread/INFO]: Mushroom Growth Modifier: 100%
[00:23:21] [Server thread/INFO]: Pumpkin Growth Modifier: 100%
[00:23:21] [Server thread/INFO]: Sapling Growth Modifier: 100%
[00:23:21] [Server thread/INFO]: Beetroot Growth Modifier: 100%
[00:23:21] [Server thread/INFO]: Carrot Growth Modifier: 100%
[00:23:21] [Server thread/INFO]: Potato Growth Modifier: 100%
[00:23:21] [Server thread/INFO]: Wheat Growth Modifier: 100%
[00:23:21] [Server thread/INFO]: NetherWart Growth Modifier: 100%
[00:23:21] [Server thread/INFO]: Vine Growth Modifier: 100%
[00:23:21] [Server thread/INFO]: Cocoa Growth Modifier: 100%
[00:23:21] [Server thread/INFO]: Bamboo Growth Modifier: 100%
[00:23:21] [Server thread/INFO]: SweetBerry Growth Modifier: 100%
[00:23:21] [Server thread/INFO]: Kelp Growth Modifier: 100%
[00:23:21] [Server thread/INFO]: TwistingVines Growth Modifier: 100%
[00:23:21] [Server thread/INFO]: WeepingVines Growth Modifier: 100%
[00:23:21] [Server thread/INFO]: CaveVines Growth Modifier: 100%
[00:23:21] [Server thread/INFO]: Entity Activation Range: An 32 / Mo 32 / Ra 48 / Mi 16 / Tiv true / Isa false
[00:23:21] [Server thread/INFO]: Custom Map Seeds:  Village: 10387312 Desert: 14357617 Igloo: 14357618 Jungle: 14357619 Swamp: 14357620 Monument: 10387313 Ocean: 14357621 Shipwreck: 165745295 End City: 10387313 Slime: 987234911 Nether: 30084232 Mansion: 10387319 Fossil: 14357921 Portal: 34222645
[00:23:21] [Server thread/INFO]: Item Despawn Rate: 6000
[00:23:21] [Server thread/INFO]: Allow Zombie Pigmen to spawn from portal blocks: true
[00:23:21] [Server thread/INFO]: Zombie Aggressive Towards Villager: true
[00:23:22] [Server thread/INFO]: Preparing start region for dimension minecraft:overworld
[00:23:22] [Worker-Main-2/INFO]: Preparing spawn area: 0%
[00:23:22] [Worker-Main-2/INFO]: Preparing spawn area: 0%
[00:23:23] [Worker-Main-2/INFO]: Preparing spawn area: 1%
[00:23:23] [Worker-Main-2/INFO]: Preparing spawn area: 2%
[00:23:24] [Worker-Main-3/INFO]: Preparing spawn area: 4%
[00:23:24] [Worker-Main-7/INFO]: Preparing spawn area: 9%
[00:23:25] [Worker-Main-6/INFO]: Preparing spawn area: 11%
[00:23:25] [Worker-Main-3/INFO]: Preparing spawn area: 15%
[00:23:26] [Worker-Main-5/INFO]: Preparing spawn area: 20%
[00:23:26] [Worker-Main-5/INFO]: Preparing spawn area: 24%
[00:23:27] [Worker-Main-6/INFO]: Preparing spawn area: 28%
[00:23:27] [Worker-Main-7/INFO]: Preparing spawn area: 33%
[00:23:28] [Worker-Main-5/INFO]: Preparing spawn area: 38%
[00:23:28] [Worker-Main-7/INFO]: Preparing spawn area: 42%
[00:23:29] [Worker-Main-2/INFO]: Preparing spawn area: 46%
[00:23:29] [Worker-Main-1/INFO]: Preparing spawn area: 51%
[00:23:30] [Worker-Main-5/INFO]: Preparing spawn area: 55%
[00:23:30] [Worker-Main-7/INFO]: Preparing spawn area: 60%
[00:23:31] [Worker-Main-1/INFO]: Preparing spawn area: 67%
[00:23:31] [Worker-Main-5/INFO]: Preparing spawn area: 72%
[00:23:32] [Worker-Main-4/INFO]: Preparing spawn area: 77%
[00:23:32] [Worker-Main-3/INFO]: Preparing spawn area: 83%
[00:23:33] [Worker-Main-7/INFO]: Preparing spawn area: 84%
[00:23:33] [Worker-Main-6/INFO]: Preparing spawn area: 87%
[00:23:34] [Worker-Main-7/INFO]: Preparing spawn area: 92%
[00:23:34] [Worker-Main-1/INFO]: Preparing spawn area: 99%
[00:23:34] [Server thread/INFO]: Time elapsed: 12565 ms
[00:23:34] [Server thread/INFO]: Preparing start region for dimension minecraft:the_nether
[00:23:35] [Worker-Main-4/INFO]: Preparing spawn area: 0%
[00:23:35] [Worker-Main-6/INFO]: Preparing spawn area: 1%
[00:23:35] [Worker-Main-7/INFO]: Preparing spawn area: 5%
[00:23:36] [Worker-Main-5/INFO]: Preparing spawn area: 10%
[00:23:36] [Worker-Main-4/INFO]: Preparing spawn area: 17%
[00:23:37] [Worker-Main-5/INFO]: Preparing spawn area: 23%
[00:23:37] [Worker-Main-7/INFO]: Preparing spawn area: 31%
[00:23:38] [Worker-Main-4/INFO]: Preparing spawn area: 36%
[00:23:38] [Worker-Main-4/INFO]: Preparing spawn area: 44%
[00:23:39] [Worker-Main-6/INFO]: Preparing spawn area: 51%
[00:23:39] [Worker-Main-4/INFO]: Preparing spawn area: 57%
[00:23:40] [Worker-Main-6/INFO]: Preparing spawn area: 62%
[00:23:40] [Worker-Main-3/INFO]: Preparing spawn area: 68%
[00:23:41] [Worker-Main-1/INFO]: Preparing spawn area: 73%
[00:23:41] [Worker-Main-3/INFO]: Preparing spawn area: 79%
[00:23:42] [Worker-Main-3/INFO]: Preparing spawn area: 85%
[00:23:42] [Worker-Main-7/INFO]: Preparing spawn area: 92%
[00:23:43] [Server thread/INFO]: Time elapsed: 8499 ms
[00:23:43] [Server thread/INFO]: Preparing start region for dimension minecraft:the_end
[00:23:43] [Worker-Main-7/INFO]: Preparing spawn area: 0%
[00:23:43] [Worker-Main-6/INFO]: Preparing spawn area: 0%
[00:23:44] [Worker-Main-5/INFO]: Preparing spawn area: 47%
[00:23:44] [Server thread/INFO]: Time elapsed: 1323 ms
[00:23:44] [Server thread/INFO]: Done (26.663s)! For help, type "help"
[00:24:34] [Thread-2/INFO]: Stopping server
